<?xml version="1.0" encoding="UTF-8"?>
<!-- Generated by org.testng.reporters.JUnitReportReporter -->
<testsuite skipped="0" hostname="PU2LT0017" name="com.SeleniumTests.sampleTestNG" tests="1" failures="0" timestamp="2020-07-30T14:36:42 SGT" time="0.007" errors="0">
  <testcase name="test1" time="0.007" classname="com.SeleniumTests.sampleTestNG"/>
  <system-out/>
</testsuite> <!-- com.SeleniumTests.sampleTestNG -->
