<?xml version="1.0" encoding="UTF-8"?>
<!-- Generated by org.testng.reporters.JUnitReportReporter -->
<testsuite skipped="0" hostname="PU2LT0017" name="com.SeleniumTests.Reports" tests="1" failures="0" timestamp="2020-09-02T00:06:38 SGT" time="23.219" errors="0">
  <testcase name="Test" time="23.219" classname="com.SeleniumTests.Reports"/>
  <system-out/>
</testsuite> <!-- com.SeleniumTests.Reports -->
