<?xml version="1.0" encoding="UTF-8"?>
<!-- Generated by org.testng.reporters.JUnitReportReporter -->
<testsuite skipped="0" hostname="PU2LT0017" name="com.SeleniumTests.CRMSort" tests="1" failures="0" timestamp="2020-08-31T23:41:14 SGT" time="10.132" errors="0">
  <testcase name="test1" time="10.132" classname="com.SeleniumTests.CRMSort"/>
  <system-out/>
</testsuite> <!-- com.SeleniumTests.CRMSort -->
